\BOOKMARK [0][-]{chapter*.1}{Introduction}{}% 1
\BOOKMARK [0][-]{section*.2}{Table\040des\040figures}{}% 2
\BOOKMARK [0][-]{chapter.1}{Nature\040et\040histoire\040de\040la\040digitalisation}{}% 3
\BOOKMARK [1][-]{section.1.1}{Définition}{chapter.1}% 4
\BOOKMARK [2][-]{subsection.1.1.1}{Digitalisation vs numérisation}{section.1.1}% 5
\BOOKMARK [2][-]{subsection.1.1.2}{Différentes encodages}{section.1.1}% 6
\BOOKMARK [1][-]{section.1.2}{Emploi}{chapter.1}% 7
\BOOKMARK [2][-]{subsection.1.2.1}{Pour la sauvegarde du patrimoine littéraire}{section.1.2}% 8
\BOOKMARK [2][-]{subsection.1.2.2}{Dans les humanités}{section.1.2}% 9
\BOOKMARK [0][-]{chapter.2}{Le schéma d'encodage TEI}{}% 10
\BOOKMARK [1][-]{section.2.1}{Un\040standard\040SGML\040et\040XML}{chapter.2}% 11
\BOOKMARK [1][-]{section.2.2}{TEI\040Lite}{chapter.2}% 12
\BOOKMARK [1][-]{section.2.3}{Potentiel\040descriptif}{chapter.2}% 13
\BOOKMARK [0][-]{chapter.3}{Le\040livre\040de\040John\040Wilkins}{}% 14
\BOOKMARK [1][-]{section.3.1}{L'auteur}{chapter.3}% 15
\BOOKMARK [2][-]{subsection.3.1.1}{Biographie}{section.3.1}% 16
\BOOKMARK [2][-]{subsection.3.1.2}{Autres écrits}{section.3.1}% 17
\BOOKMARK [1][-]{section.3.2}{L'essai}{chapter.3}% 18
\BOOKMARK [2][-]{subsection.3.2.1}{Contenu}{section.3.2}% 19
\BOOKMARK [2][-]{subsection.3.2.2}{Genèse et rédaction}{section.3.2}% 20
\BOOKMARK [2][-]{subsection.3.2.3}{Réception}{section.3.2}% 21
\BOOKMARK [1][-]{section.3.3}{Littérature scientifique}{chapter.3}% 22
\BOOKMARK [1][-]{section.3.4}{Choix\040de\040l'ouvrage}{chapter.3}% 23
\BOOKMARK [2][-]{subsection.3.4.1}{Intérêt du sujet}{section.3.4}% 24
\BOOKMARK [2][-]{subsection.3.4.2}{Précédentes numérisations et digitalisations}{section.3.4}% 25
\BOOKMARK [1][-]{section.3.5}{Fac-similé ou réédition ?}{chapter.3}% 26
\BOOKMARK [2][-]{subsection.3.5.1}{Apporter\040quelque\040chose\040de\040neuf}{section.3.5}% 27
\BOOKMARK [2][-]{subsection.3.5.2}{Les limites de la réédition}{section.3.5}% 28
\BOOKMARK [0][-]{chapter.4}{Défis techniques posés par le texte}{}% 29
\BOOKMARK [1][-]{section.4.1}{Caractéristiques techniques du livre originel}{chapter.4}% 30
\BOOKMARK [1][-]{section.4.2}{Caractères spéciaux}{chapter.4}% 31
\BOOKMARK [2][-]{subsection.4.2.1}{Caractères non-latins}{section.4.2}% 32
\BOOKMARK [2][-]{subsection.4.2.2}{L'écriture philosophique}{section.4.2}% 33
\BOOKMARK [1][-]{section.4.3}{Images}{chapter.4}% 34
\BOOKMARK [1][-]{section.4.4}{Liens}{chapter.4}% 35
\BOOKMARK [2][-]{subsection.4.4.1}{Liens\040internes}{section.4.4}% 36
\BOOKMARK [2][-]{subsection.4.4.2}{Liens\040externes}{section.4.4}% 37
\BOOKMARK [0][-]{chapter.5}{Méthodologie de travail}{}% 38
\BOOKMARK [1][-]{section.5.1}{Choix\040des\040sources}{chapter.5}% 39
\BOOKMARK [2][-]{subsection.5.1.1}{Sources\040physiques}{section.5.1}% 40
\BOOKMARK [2][-]{subsection.5.1.2}{Sources numériques : les images}{section.5.1}% 41
\BOOKMARK [2][-]{subsection.5.1.3}{Sources numériques : l'Université du Michigan}{section.5.1}% 42
\BOOKMARK [1][-]{section.5.2}{Travail éditorial : recherches à faire et décisions à prendre}{chapter.5}% 43
\BOOKMARK [2][-]{subsection.5.2.1}{Omissions\040dans\040la\040digitalisation\040du\040Text\040Encoding\040Project}{section.5.2}% 44
\BOOKMARK [2][-]{subsection.5.2.2}{Errata}{section.5.2}% 45
\BOOKMARK [2][-]{subsection.5.2.3}{Particularités orthographiques et typographiques}{section.5.2}% 46
\BOOKMARK [1][-]{section.5.3}{Conversion\040dans\040les\040formats\040HTML\040et\040EPUB}{chapter.5}% 47
\BOOKMARK [0][-]{section*.16}{Bibliographie}{}% 48
